Vivado Simulator 2020.2
Time resolution is 1 ps
Error: Error: suma incorrecta
Time: 30 ns  Iteration: 0  Process: /tb_and/p_stim  File: C:/Users/alexs/source/repos/practica1/practica1.srcs/sim_1/new/tb_and.vhd
Error: Error: suma incorrecta
Time: 50 ns  Iteration: 0  Process: /tb_and/p_stim  File: C:/Users/alexs/source/repos/practica1/practica1.srcs/sim_1/new/tb_and.vhd
Error: Error: suma incorrecta
Time: 70 ns  Iteration: 0  Process: /tb_and/p_stim  File: C:/Users/alexs/source/repos/practica1/practica1.srcs/sim_1/new/tb_and.vhd
Error: Error: suma incorrecta
Time: 90 ns  Iteration: 0  Process: /tb_and/p_stim  File: C:/Users/alexs/source/repos/practica1/practica1.srcs/sim_1/new/tb_and.vhd
Error: Error: suma incorrecta
Time: 110 ns  Iteration: 0  Process: /tb_and/p_stim  File: C:/Users/alexs/source/repos/practica1/practica1.srcs/sim_1/new/tb_and.vhd
Error: Error: suma incorrecta
Time: 130 ns  Iteration: 0  Process: /tb_and/p_stim  File: C:/Users/alexs/source/repos/practica1/practica1.srcs/sim_1/new/tb_and.vhd
Error: Error: suma incorrecta
Time: 150 ns  Iteration: 0  Process: /tb_and/p_stim  File: C:/Users/alexs/source/repos/practica1/practica1.srcs/sim_1/new/tb_and.vhd
Error: Error: suma incorrecta
Time: 170 ns  Iteration: 0  Process: /tb_and/p_stim  File: C:/Users/alexs/source/repos/practica1/practica1.srcs/sim_1/new/tb_and.vhd
Error: Error: suma incorrecta
Time: 190 ns  Iteration: 0  Process: /tb_and/p_stim  File: C:/Users/alexs/source/repos/practica1/practica1.srcs/sim_1/new/tb_and.vhd
Error: Error: suma incorrecta
Time: 210 ns  Iteration: 0  Process: /tb_and/p_stim  File: C:/Users/alexs/source/repos/practica1/practica1.srcs/sim_1/new/tb_and.vhd
Error: Error: suma incorrecta
Time: 230 ns  Iteration: 0  Process: /tb_and/p_stim  File: C:/Users/alexs/source/repos/practica1/practica1.srcs/sim_1/new/tb_and.vhd
Error: Error: suma incorrecta
Time: 250 ns  Iteration: 0  Process: /tb_and/p_stim  File: C:/Users/alexs/source/repos/practica1/practica1.srcs/sim_1/new/tb_and.vhd
Error: Error: suma incorrecta
Time: 270 ns  Iteration: 0  Process: /tb_and/p_stim  File: C:/Users/alexs/source/repos/practica1/practica1.srcs/sim_1/new/tb_and.vhd
Error: Error: suma incorrecta
Time: 290 ns  Iteration: 0  Process: /tb_and/p_stim  File: C:/Users/alexs/source/repos/practica1/practica1.srcs/sim_1/new/tb_and.vhd
Error: Error: suma incorrecta
Time: 310 ns  Iteration: 0  Process: /tb_and/p_stim  File: C:/Users/alexs/source/repos/practica1/practica1.srcs/sim_1/new/tb_and.vhd
Error: Error: suma incorrecta
Time: 330 ns  Iteration: 0  Process: /tb_and/p_stim  File: C:/Users/alexs/source/repos/practica1/practica1.srcs/sim_1/new/tb_and.vhd
Error: Error: suma incorrecta
Time: 350 ns  Iteration: 0  Process: /tb_and/p_stim  File: C:/Users/alexs/source/repos/practica1/practica1.srcs/sim_1/new/tb_and.vhd
Error: Error: suma incorrecta
Time: 370 ns  Iteration: 0  Process: /tb_and/p_stim  File: C:/Users/alexs/source/repos/practica1/practica1.srcs/sim_1/new/tb_and.vhd
Error: Error: suma incorrecta
Time: 390 ns  Iteration: 0  Process: /tb_and/p_stim  File: C:/Users/alexs/source/repos/practica1/practica1.srcs/sim_1/new/tb_and.vhd
Error: Error: suma incorrecta
Time: 410 ns  Iteration: 0  Process: /tb_and/p_stim  File: C:/Users/alexs/source/repos/practica1/practica1.srcs/sim_1/new/tb_and.vhd
Error: Error: suma incorrecta
Time: 430 ns  Iteration: 0  Process: /tb_and/p_stim  File: C:/Users/alexs/source/repos/practica1/practica1.srcs/sim_1/new/tb_and.vhd
Error: Error: suma incorrecta
Time: 450 ns  Iteration: 0  Process: /tb_and/p_stim  File: C:/Users/alexs/source/repos/practica1/practica1.srcs/sim_1/new/tb_and.vhd
Error: Error: suma incorrecta
Time: 470 ns  Iteration: 0  Process: /tb_and/p_stim  File: C:/Users/alexs/source/repos/practica1/practica1.srcs/sim_1/new/tb_and.vhd
Error: Error: suma incorrecta
Time: 490 ns  Iteration: 0  Process: /tb_and/p_stim  File: C:/Users/alexs/source/repos/practica1/practica1.srcs/sim_1/new/tb_and.vhd
Error: Error: suma incorrecta
Time: 510 ns  Iteration: 0  Process: /tb_and/p_stim  File: C:/Users/alexs/source/repos/practica1/practica1.srcs/sim_1/new/tb_and.vhd
Error: Error: suma incorrecta
Time: 530 ns  Iteration: 0  Process: /tb_and/p_stim  File: C:/Users/alexs/source/repos/practica1/practica1.srcs/sim_1/new/tb_and.vhd
Error: Error: suma incorrecta
Time: 550 ns  Iteration: 0  Process: /tb_and/p_stim  File: C:/Users/alexs/source/repos/practica1/practica1.srcs/sim_1/new/tb_and.vhd
Error: Error: suma incorrecta
Time: 570 ns  Iteration: 0  Process: /tb_and/p_stim  File: C:/Users/alexs/source/repos/practica1/practica1.srcs/sim_1/new/tb_and.vhd
Error: Error: suma incorrecta
Time: 590 ns  Iteration: 0  Process: /tb_and/p_stim  File: C:/Users/alexs/source/repos/practica1/practica1.srcs/sim_1/new/tb_and.vhd
Error: Error: suma incorrecta
Time: 610 ns  Iteration: 0  Process: /tb_and/p_stim  File: C:/Users/alexs/source/repos/practica1/practica1.srcs/sim_1/new/tb_and.vhd
Error: Error: suma incorrecta
Time: 630 ns  Iteration: 0  Process: /tb_and/p_stim  File: C:/Users/alexs/source/repos/practica1/practica1.srcs/sim_1/new/tb_and.vhd
Error: Error: suma incorrecta
Time: 650 ns  Iteration: 0  Process: /tb_and/p_stim  File: C:/Users/alexs/source/repos/practica1/practica1.srcs/sim_1/new/tb_and.vhd
Error: Error: suma incorrecta
Time: 670 ns  Iteration: 0  Process: /tb_and/p_stim  File: C:/Users/alexs/source/repos/practica1/practica1.srcs/sim_1/new/tb_and.vhd
Error: Error: suma incorrecta
Time: 690 ns  Iteration: 0  Process: /tb_and/p_stim  File: C:/Users/alexs/source/repos/practica1/practica1.srcs/sim_1/new/tb_and.vhd
Error: Error: suma incorrecta
Time: 710 ns  Iteration: 0  Process: /tb_and/p_stim  File: C:/Users/alexs/source/repos/practica1/practica1.srcs/sim_1/new/tb_and.vhd
Error: Error: suma incorrecta
Time: 730 ns  Iteration: 0  Process: /tb_and/p_stim  File: C:/Users/alexs/source/repos/practica1/practica1.srcs/sim_1/new/tb_and.vhd
Error: Error: suma incorrecta
Time: 750 ns  Iteration: 0  Process: /tb_and/p_stim  File: C:/Users/alexs/source/repos/practica1/practica1.srcs/sim_1/new/tb_and.vhd
Error: Error: suma incorrecta
Time: 770 ns  Iteration: 0  Process: /tb_and/p_stim  File: C:/Users/alexs/source/repos/practica1/practica1.srcs/sim_1/new/tb_and.vhd
Error: Error: suma incorrecta
Time: 790 ns  Iteration: 0  Process: /tb_and/p_stim  File: C:/Users/alexs/source/repos/practica1/practica1.srcs/sim_1/new/tb_and.vhd
Error: Error: suma incorrecta
Time: 810 ns  Iteration: 0  Process: /tb_and/p_stim  File: C:/Users/alexs/source/repos/practica1/practica1.srcs/sim_1/new/tb_and.vhd
Error: Error: suma incorrecta
Time: 830 ns  Iteration: 0  Process: /tb_and/p_stim  File: C:/Users/alexs/source/repos/practica1/practica1.srcs/sim_1/new/tb_and.vhd
Error: Error: suma incorrecta
Time: 850 ns  Iteration: 0  Process: /tb_and/p_stim  File: C:/Users/alexs/source/repos/practica1/practica1.srcs/sim_1/new/tb_and.vhd
Error: Error: suma incorrecta
Time: 870 ns  Iteration: 0  Process: /tb_and/p_stim  File: C:/Users/alexs/source/repos/practica1/practica1.srcs/sim_1/new/tb_and.vhd
Error: Error: suma incorrecta
Time: 890 ns  Iteration: 0  Process: /tb_and/p_stim  File: C:/Users/alexs/source/repos/practica1/practica1.srcs/sim_1/new/tb_and.vhd
Error: Error: suma incorrecta
Time: 910 ns  Iteration: 0  Process: /tb_and/p_stim  File: C:/Users/alexs/source/repos/practica1/practica1.srcs/sim_1/new/tb_and.vhd
Error: Error: suma incorrecta
Time: 930 ns  Iteration: 0  Process: /tb_and/p_stim  File: C:/Users/alexs/source/repos/practica1/practica1.srcs/sim_1/new/tb_and.vhd
Error: Error: suma incorrecta
Time: 950 ns  Iteration: 0  Process: /tb_and/p_stim  File: C:/Users/alexs/source/repos/practica1/practica1.srcs/sim_1/new/tb_and.vhd
Error: Error: suma incorrecta
Time: 970 ns  Iteration: 0  Process: /tb_and/p_stim  File: C:/Users/alexs/source/repos/practica1/practica1.srcs/sim_1/new/tb_and.vhd
Error: Error: suma incorrecta
Time: 990 ns  Iteration: 0  Process: /tb_and/p_stim  File: C:/Users/alexs/source/repos/practica1/practica1.srcs/sim_1/new/tb_and.vhd
Error: Error: suma incorrecta
Time: 1010 ns  Iteration: 0  Process: /tb_and/p_stim  File: C:/Users/alexs/source/repos/practica1/practica1.srcs/sim_1/new/tb_and.vhd
Error: Error: suma incorrecta
Time: 1030 ns  Iteration: 0  Process: /tb_and/p_stim  File: C:/Users/alexs/source/repos/practica1/practica1.srcs/sim_1/new/tb_and.vhd
Error: Error: suma incorrecta
Time: 1050 ns  Iteration: 0  Process: /tb_and/p_stim  File: C:/Users/alexs/source/repos/practica1/practica1.srcs/sim_1/new/tb_and.vhd
Error: Error: suma incorrecta
Time: 1070 ns  Iteration: 0  Process: /tb_and/p_stim  File: C:/Users/alexs/source/repos/practica1/practica1.srcs/sim_1/new/tb_and.vhd
Error: Error: suma incorrecta
Time: 1090 ns  Iteration: 0  Process: /tb_and/p_stim  File: C:/Users/alexs/source/repos/practica1/practica1.srcs/sim_1/new/tb_and.vhd
Error: Error: suma incorrecta
Time: 1110 ns  Iteration: 0  Process: /tb_and/p_stim  File: C:/Users/alexs/source/repos/practica1/practica1.srcs/sim_1/new/tb_and.vhd
Error: Error: suma incorrecta
Time: 1130 ns  Iteration: 0  Process: /tb_and/p_stim  File: C:/Users/alexs/source/repos/practica1/practica1.srcs/sim_1/new/tb_and.vhd
Error: Error: suma incorrecta
Time: 1150 ns  Iteration: 0  Process: /tb_and/p_stim  File: C:/Users/alexs/source/repos/practica1/practica1.srcs/sim_1/new/tb_and.vhd
Error: Error: suma incorrecta
Time: 1170 ns  Iteration: 0  Process: /tb_and/p_stim  File: C:/Users/alexs/source/repos/practica1/practica1.srcs/sim_1/new/tb_and.vhd
Error: Error: suma incorrecta
Time: 1190 ns  Iteration: 0  Process: /tb_and/p_stim  File: C:/Users/alexs/source/repos/practica1/practica1.srcs/sim_1/new/tb_and.vhd
Error: Error: suma incorrecta
Time: 1210 ns  Iteration: 0  Process: /tb_and/p_stim  File: C:/Users/alexs/source/repos/practica1/practica1.srcs/sim_1/new/tb_and.vhd
Error: Error: suma incorrecta
Time: 1230 ns  Iteration: 0  Process: /tb_and/p_stim  File: C:/Users/alexs/source/repos/practica1/practica1.srcs/sim_1/new/tb_and.vhd
Error: Error: suma incorrecta
Time: 1250 ns  Iteration: 0  Process: /tb_and/p_stim  File: C:/Users/alexs/source/repos/practica1/practica1.srcs/sim_1/new/tb_and.vhd
Error: Error: suma incorrecta
Time: 1270 ns  Iteration: 0  Process: /tb_and/p_stim  File: C:/Users/alexs/source/repos/practica1/practica1.srcs/sim_1/new/tb_and.vhd
Error: Error: suma incorrecta
Time: 1290 ns  Iteration: 0  Process: /tb_and/p_stim  File: C:/Users/alexs/source/repos/practica1/practica1.srcs/sim_1/new/tb_and.vhd
Error: Error: suma incorrecta
Time: 1310 ns  Iteration: 0  Process: /tb_and/p_stim  File: C:/Users/alexs/source/repos/practica1/practica1.srcs/sim_1/new/tb_and.vhd
Error: Error: suma incorrecta
Time: 1330 ns  Iteration: 0  Process: /tb_and/p_stim  File: C:/Users/alexs/source/repos/practica1/practica1.srcs/sim_1/new/tb_and.vhd
Error: Error: suma incorrecta
Time: 1350 ns  Iteration: 0  Process: /tb_and/p_stim  File: C:/Users/alexs/source/repos/practica1/practica1.srcs/sim_1/new/tb_and.vhd
Error: Error: suma incorrecta
Time: 1370 ns  Iteration: 0  Process: /tb_and/p_stim  File: C:/Users/alexs/source/repos/practica1/practica1.srcs/sim_1/new/tb_and.vhd
Error: Error: suma incorrecta
Time: 1390 ns  Iteration: 0  Process: /tb_and/p_stim  File: C:/Users/alexs/source/repos/practica1/practica1.srcs/sim_1/new/tb_and.vhd
Error: Error: suma incorrecta
Time: 1410 ns  Iteration: 0  Process: /tb_and/p_stim  File: C:/Users/alexs/source/repos/practica1/practica1.srcs/sim_1/new/tb_and.vhd
Error: Error: suma incorrecta
Time: 1430 ns  Iteration: 0  Process: /tb_and/p_stim  File: C:/Users/alexs/source/repos/practica1/practica1.srcs/sim_1/new/tb_and.vhd
Error: Error: suma incorrecta
Time: 1450 ns  Iteration: 0  Process: /tb_and/p_stim  File: C:/Users/alexs/source/repos/practica1/practica1.srcs/sim_1/new/tb_and.vhd
Error: Error: suma incorrecta
Time: 1470 ns  Iteration: 0  Process: /tb_and/p_stim  File: C:/Users/alexs/source/repos/practica1/practica1.srcs/sim_1/new/tb_and.vhd
Error: Error: suma incorrecta
Time: 1490 ns  Iteration: 0  Process: /tb_and/p_stim  File: C:/Users/alexs/source/repos/practica1/practica1.srcs/sim_1/new/tb_and.vhd
Error: Error: suma incorrecta
Time: 1510 ns  Iteration: 0  Process: /tb_and/p_stim  File: C:/Users/alexs/source/repos/practica1/practica1.srcs/sim_1/new/tb_and.vhd
Error: Error: suma incorrecta
Time: 1530 ns  Iteration: 0  Process: /tb_and/p_stim  File: C:/Users/alexs/source/repos/practica1/practica1.srcs/sim_1/new/tb_and.vhd
Error: Error: suma incorrecta
Time: 1550 ns  Iteration: 0  Process: /tb_and/p_stim  File: C:/Users/alexs/source/repos/practica1/practica1.srcs/sim_1/new/tb_and.vhd
Error: Error: suma incorrecta
Time: 1570 ns  Iteration: 0  Process: /tb_and/p_stim  File: C:/Users/alexs/source/repos/practica1/practica1.srcs/sim_1/new/tb_and.vhd
Error: Error: suma incorrecta
Time: 1590 ns  Iteration: 0  Process: /tb_and/p_stim  File: C:/Users/alexs/source/repos/practica1/practica1.srcs/sim_1/new/tb_and.vhd
Error: Error: suma incorrecta
Time: 1610 ns  Iteration: 0  Process: /tb_and/p_stim  File: C:/Users/alexs/source/repos/practica1/practica1.srcs/sim_1/new/tb_and.vhd
Error: Error: suma incorrecta
Time: 1630 ns  Iteration: 0  Process: /tb_and/p_stim  File: C:/Users/alexs/source/repos/practica1/practica1.srcs/sim_1/new/tb_and.vhd
Error: Error: suma incorrecta
Time: 1650 ns  Iteration: 0  Process: /tb_and/p_stim  File: C:/Users/alexs/source/repos/practica1/practica1.srcs/sim_1/new/tb_and.vhd
Error: Error: suma incorrecta
Time: 1670 ns  Iteration: 0  Process: /tb_and/p_stim  File: C:/Users/alexs/source/repos/practica1/practica1.srcs/sim_1/new/tb_and.vhd
Error: Error: suma incorrecta
Time: 1690 ns  Iteration: 0  Process: /tb_and/p_stim  File: C:/Users/alexs/source/repos/practica1/practica1.srcs/sim_1/new/tb_and.vhd
Error: Error: suma incorrecta
Time: 1710 ns  Iteration: 0  Process: /tb_and/p_stim  File: C:/Users/alexs/source/repos/practica1/practica1.srcs/sim_1/new/tb_and.vhd
Error: Error: suma incorrecta
Time: 1730 ns  Iteration: 0  Process: /tb_and/p_stim  File: C:/Users/alexs/source/repos/practica1/practica1.srcs/sim_1/new/tb_and.vhd
Error: Error: suma incorrecta
Time: 1750 ns  Iteration: 0  Process: /tb_and/p_stim  File: C:/Users/alexs/source/repos/practica1/practica1.srcs/sim_1/new/tb_and.vhd
Error: Error: suma incorrecta
Time: 1770 ns  Iteration: 0  Process: /tb_and/p_stim  File: C:/Users/alexs/source/repos/practica1/practica1.srcs/sim_1/new/tb_and.vhd
Error: Error: suma incorrecta
Time: 1790 ns  Iteration: 0  Process: /tb_and/p_stim  File: C:/Users/alexs/source/repos/practica1/practica1.srcs/sim_1/new/tb_and.vhd
Error: Error: suma incorrecta
Time: 1810 ns  Iteration: 0  Process: /tb_and/p_stim  File: C:/Users/alexs/source/repos/practica1/practica1.srcs/sim_1/new/tb_and.vhd
Error: Error: suma incorrecta
Time: 1830 ns  Iteration: 0  Process: /tb_and/p_stim  File: C:/Users/alexs/source/repos/practica1/practica1.srcs/sim_1/new/tb_and.vhd
Error: Error: suma incorrecta
Time: 1850 ns  Iteration: 0  Process: /tb_and/p_stim  File: C:/Users/alexs/source/repos/practica1/practica1.srcs/sim_1/new/tb_and.vhd
Error: Error: suma incorrecta
Time: 1870 ns  Iteration: 0  Process: /tb_and/p_stim  File: C:/Users/alexs/source/repos/practica1/practica1.srcs/sim_1/new/tb_and.vhd
Error: Error: suma incorrecta
Time: 1890 ns  Iteration: 0  Process: /tb_and/p_stim  File: C:/Users/alexs/source/repos/practica1/practica1.srcs/sim_1/new/tb_and.vhd
Error: Error: suma incorrecta
Time: 1910 ns  Iteration: 0  Process: /tb_and/p_stim  File: C:/Users/alexs/source/repos/practica1/practica1.srcs/sim_1/new/tb_and.vhd
Error: Error: suma incorrecta
Time: 1930 ns  Iteration: 0  Process: /tb_and/p_stim  File: C:/Users/alexs/source/repos/practica1/practica1.srcs/sim_1/new/tb_and.vhd
Error: Error: suma incorrecta
Time: 1950 ns  Iteration: 0  Process: /tb_and/p_stim  File: C:/Users/alexs/source/repos/practica1/practica1.srcs/sim_1/new/tb_and.vhd
Error: Error: suma incorrecta
Time: 1970 ns  Iteration: 0  Process: /tb_and/p_stim  File: C:/Users/alexs/source/repos/practica1/practica1.srcs/sim_1/new/tb_and.vhd
Error: Error: suma incorrecta
Time: 1990 ns  Iteration: 0  Process: /tb_and/p_stim  File: C:/Users/alexs/source/repos/practica1/practica1.srcs/sim_1/new/tb_and.vhd
Error: Error: suma incorrecta
Time: 2010 ns  Iteration: 0  Process: /tb_and/p_stim  File: C:/Users/alexs/source/repos/practica1/practica1.srcs/sim_1/new/tb_and.vhd
Error: Error: suma incorrecta
Time: 2030 ns  Iteration: 0  Process: /tb_and/p_stim  File: C:/Users/alexs/source/repos/practica1/practica1.srcs/sim_1/new/tb_and.vhd
Error: Error: suma incorrecta
Time: 2050 ns  Iteration: 0  Process: /tb_and/p_stim  File: C:/Users/alexs/source/repos/practica1/practica1.srcs/sim_1/new/tb_and.vhd
Error: Error: suma incorrecta
Time: 2070 ns  Iteration: 0  Process: /tb_and/p_stim  File: C:/Users/alexs/source/repos/practica1/practica1.srcs/sim_1/new/tb_and.vhd
Error: Error: suma incorrecta
Time: 2090 ns  Iteration: 0  Process: /tb_and/p_stim  File: C:/Users/alexs/source/repos/practica1/practica1.srcs/sim_1/new/tb_and.vhd
Error: Error: suma incorrecta
Time: 2110 ns  Iteration: 0  Process: /tb_and/p_stim  File: C:/Users/alexs/source/repos/practica1/practica1.srcs/sim_1/new/tb_and.vhd
Error: Error: suma incorrecta
Time: 2130 ns  Iteration: 0  Process: /tb_and/p_stim  File: C:/Users/alexs/source/repos/practica1/practica1.srcs/sim_1/new/tb_and.vhd
Error: Error: suma incorrecta
Time: 2150 ns  Iteration: 0  Process: /tb_and/p_stim  File: C:/Users/alexs/source/repos/practica1/practica1.srcs/sim_1/new/tb_and.vhd
Error: Error: suma incorrecta
Time: 2170 ns  Iteration: 0  Process: /tb_and/p_stim  File: C:/Users/alexs/source/repos/practica1/practica1.srcs/sim_1/new/tb_and.vhd
Error: Error: suma incorrecta
Time: 2190 ns  Iteration: 0  Process: /tb_and/p_stim  File: C:/Users/alexs/source/repos/practica1/practica1.srcs/sim_1/new/tb_and.vhd
Error: Error: suma incorrecta
Time: 2210 ns  Iteration: 0  Process: /tb_and/p_stim  File: C:/Users/alexs/source/repos/practica1/practica1.srcs/sim_1/new/tb_and.vhd
Error: Error: suma incorrecta
Time: 2230 ns  Iteration: 0  Process: /tb_and/p_stim  File: C:/Users/alexs/source/repos/practica1/practica1.srcs/sim_1/new/tb_and.vhd
Error: Error: suma incorrecta
Time: 2250 ns  Iteration: 0  Process: /tb_and/p_stim  File: C:/Users/alexs/source/repos/practica1/practica1.srcs/sim_1/new/tb_and.vhd
Error: Error: suma incorrecta
Time: 2270 ns  Iteration: 0  Process: /tb_and/p_stim  File: C:/Users/alexs/source/repos/practica1/practica1.srcs/sim_1/new/tb_and.vhd
Error: Error: suma incorrecta
Time: 2290 ns  Iteration: 0  Process: /tb_and/p_stim  File: C:/Users/alexs/source/repos/practica1/practica1.srcs/sim_1/new/tb_and.vhd
Error: Error: suma incorrecta
Time: 2310 ns  Iteration: 0  Process: /tb_and/p_stim  File: C:/Users/alexs/source/repos/practica1/practica1.srcs/sim_1/new/tb_and.vhd
Error: Error: suma incorrecta
Time: 2330 ns  Iteration: 0  Process: /tb_and/p_stim  File: C:/Users/alexs/source/repos/practica1/practica1.srcs/sim_1/new/tb_and.vhd
Error: Error: suma incorrecta
Time: 2350 ns  Iteration: 0  Process: /tb_and/p_stim  File: C:/Users/alexs/source/repos/practica1/practica1.srcs/sim_1/new/tb_and.vhd
Error: Error: suma incorrecta
Time: 2370 ns  Iteration: 0  Process: /tb_and/p_stim  File: C:/Users/alexs/source/repos/practica1/practica1.srcs/sim_1/new/tb_and.vhd
Error: Error: suma incorrecta
Time: 2390 ns  Iteration: 0  Process: /tb_and/p_stim  File: C:/Users/alexs/source/repos/practica1/practica1.srcs/sim_1/new/tb_and.vhd
Error: Error: suma incorrecta
Time: 2410 ns  Iteration: 0  Process: /tb_and/p_stim  File: C:/Users/alexs/source/repos/practica1/practica1.srcs/sim_1/new/tb_and.vhd
Error: Error: suma incorrecta
Time: 2430 ns  Iteration: 0  Process: /tb_and/p_stim  File: C:/Users/alexs/source/repos/practica1/practica1.srcs/sim_1/new/tb_and.vhd
Error: Error: suma incorrecta
Time: 2450 ns  Iteration: 0  Process: /tb_and/p_stim  File: C:/Users/alexs/source/repos/practica1/practica1.srcs/sim_1/new/tb_and.vhd
Error: Error: suma incorrecta
Time: 2470 ns  Iteration: 0  Process: /tb_and/p_stim  File: C:/Users/alexs/source/repos/practica1/practica1.srcs/sim_1/new/tb_and.vhd
Error: Error: suma incorrecta
Time: 2490 ns  Iteration: 0  Process: /tb_and/p_stim  File: C:/Users/alexs/source/repos/practica1/practica1.srcs/sim_1/new/tb_and.vhd
Error: Error: suma incorrecta
Time: 2510 ns  Iteration: 0  Process: /tb_and/p_stim  File: C:/Users/alexs/source/repos/practica1/practica1.srcs/sim_1/new/tb_and.vhd
Error: Error: suma incorrecta
Time: 2530 ns  Iteration: 0  Process: /tb_and/p_stim  File: C:/Users/alexs/source/repos/practica1/practica1.srcs/sim_1/new/tb_and.vhd
Error: Error: suma incorrecta
Time: 2550 ns  Iteration: 0  Process: /tb_and/p_stim  File: C:/Users/alexs/source/repos/practica1/practica1.srcs/sim_1/new/tb_and.vhd
Error: Error: suma incorrecta
Time: 2570 ns  Iteration: 0  Process: /tb_and/p_stim  File: C:/Users/alexs/source/repos/practica1/practica1.srcs/sim_1/new/tb_and.vhd
Error: Error: suma incorrecta
Time: 2590 ns  Iteration: 0  Process: /tb_and/p_stim  File: C:/Users/alexs/source/repos/practica1/practica1.srcs/sim_1/new/tb_and.vhd
Error: Error: suma incorrecta
Time: 2610 ns  Iteration: 0  Process: /tb_and/p_stim  File: C:/Users/alexs/source/repos/practica1/practica1.srcs/sim_1/new/tb_and.vhd
Error: Error: suma incorrecta
Time: 2630 ns  Iteration: 0  Process: /tb_and/p_stim  File: C:/Users/alexs/source/repos/practica1/practica1.srcs/sim_1/new/tb_and.vhd
Error: Error: suma incorrecta
Time: 2650 ns  Iteration: 0  Process: /tb_and/p_stim  File: C:/Users/alexs/source/repos/practica1/practica1.srcs/sim_1/new/tb_and.vhd
Error: Error: suma incorrecta
Time: 2670 ns  Iteration: 0  Process: /tb_and/p_stim  File: C:/Users/alexs/source/repos/practica1/practica1.srcs/sim_1/new/tb_and.vhd
Error: Error: suma incorrecta
Time: 2690 ns  Iteration: 0  Process: /tb_and/p_stim  File: C:/Users/alexs/source/repos/practica1/practica1.srcs/sim_1/new/tb_and.vhd
Error: Error: suma incorrecta
Time: 2710 ns  Iteration: 0  Process: /tb_and/p_stim  File: C:/Users/alexs/source/repos/practica1/practica1.srcs/sim_1/new/tb_and.vhd
Error: Error: suma incorrecta
Time: 2730 ns  Iteration: 0  Process: /tb_and/p_stim  File: C:/Users/alexs/source/repos/practica1/practica1.srcs/sim_1/new/tb_and.vhd
Error: Error: suma incorrecta
Time: 2750 ns  Iteration: 0  Process: /tb_and/p_stim  File: C:/Users/alexs/source/repos/practica1/practica1.srcs/sim_1/new/tb_and.vhd
Error: Error: suma incorrecta
Time: 2770 ns  Iteration: 0  Process: /tb_and/p_stim  File: C:/Users/alexs/source/repos/practica1/practica1.srcs/sim_1/new/tb_and.vhd
Error: Error: suma incorrecta
Time: 2790 ns  Iteration: 0  Process: /tb_and/p_stim  File: C:/Users/alexs/source/repos/practica1/practica1.srcs/sim_1/new/tb_and.vhd
Error: Error: suma incorrecta
Time: 2810 ns  Iteration: 0  Process: /tb_and/p_stim  File: C:/Users/alexs/source/repos/practica1/practica1.srcs/sim_1/new/tb_and.vhd
Error: Error: suma incorrecta
Time: 2830 ns  Iteration: 0  Process: /tb_and/p_stim  File: C:/Users/alexs/source/repos/practica1/practica1.srcs/sim_1/new/tb_and.vhd
Error: Error: suma incorrecta
Time: 2850 ns  Iteration: 0  Process: /tb_and/p_stim  File: C:/Users/alexs/source/repos/practica1/practica1.srcs/sim_1/new/tb_and.vhd
Error: Error: suma incorrecta
Time: 2870 ns  Iteration: 0  Process: /tb_and/p_stim  File: C:/Users/alexs/source/repos/practica1/practica1.srcs/sim_1/new/tb_and.vhd
Error: Error: suma incorrecta
Time: 2890 ns  Iteration: 0  Process: /tb_and/p_stim  File: C:/Users/alexs/source/repos/practica1/practica1.srcs/sim_1/new/tb_and.vhd
Error: Error: suma incorrecta
Time: 2910 ns  Iteration: 0  Process: /tb_and/p_stim  File: C:/Users/alexs/source/repos/practica1/practica1.srcs/sim_1/new/tb_and.vhd
Error: Error: suma incorrecta
Time: 2930 ns  Iteration: 0  Process: /tb_and/p_stim  File: C:/Users/alexs/source/repos/practica1/practica1.srcs/sim_1/new/tb_and.vhd
Error: Error: suma incorrecta
Time: 2950 ns  Iteration: 0  Process: /tb_and/p_stim  File: C:/Users/alexs/source/repos/practica1/practica1.srcs/sim_1/new/tb_and.vhd
Error: Error: suma incorrecta
Time: 2970 ns  Iteration: 0  Process: /tb_and/p_stim  File: C:/Users/alexs/source/repos/practica1/practica1.srcs/sim_1/new/tb_and.vhd
Error: Error: suma incorrecta
Time: 2990 ns  Iteration: 0  Process: /tb_and/p_stim  File: C:/Users/alexs/source/repos/practica1/practica1.srcs/sim_1/new/tb_and.vhd
Error: Error: suma incorrecta
Time: 3010 ns  Iteration: 0  Process: /tb_and/p_stim  File: C:/Users/alexs/source/repos/practica1/practica1.srcs/sim_1/new/tb_and.vhd
Error: Error: suma incorrecta
Time: 3030 ns  Iteration: 0  Process: /tb_and/p_stim  File: C:/Users/alexs/source/repos/practica1/practica1.srcs/sim_1/new/tb_and.vhd
Error: Error: suma incorrecta
Time: 3050 ns  Iteration: 0  Process: /tb_and/p_stim  File: C:/Users/alexs/source/repos/practica1/practica1.srcs/sim_1/new/tb_and.vhd
Error: Error: suma incorrecta
Time: 3070 ns  Iteration: 0  Process: /tb_and/p_stim  File: C:/Users/alexs/source/repos/practica1/practica1.srcs/sim_1/new/tb_and.vhd
Error: Error: suma incorrecta
Time: 3090 ns  Iteration: 0  Process: /tb_and/p_stim  File: C:/Users/alexs/source/repos/practica1/practica1.srcs/sim_1/new/tb_and.vhd
Error: Error: suma incorrecta
Time: 3110 ns  Iteration: 0  Process: /tb_and/p_stim  File: C:/Users/alexs/source/repos/practica1/practica1.srcs/sim_1/new/tb_and.vhd
Error: Error: suma incorrecta
Time: 3130 ns  Iteration: 0  Process: /tb_and/p_stim  File: C:/Users/alexs/source/repos/practica1/practica1.srcs/sim_1/new/tb_and.vhd
Error: Error: suma incorrecta
Time: 3150 ns  Iteration: 0  Process: /tb_and/p_stim  File: C:/Users/alexs/source/repos/practica1/practica1.srcs/sim_1/new/tb_and.vhd
Error: Error: suma incorrecta
Time: 3170 ns  Iteration: 0  Process: /tb_and/p_stim  File: C:/Users/alexs/source/repos/practica1/practica1.srcs/sim_1/new/tb_and.vhd
Error: Error: suma incorrecta
Time: 3190 ns  Iteration: 0  Process: /tb_and/p_stim  File: C:/Users/alexs/source/repos/practica1/practica1.srcs/sim_1/new/tb_and.vhd
Error: Error: suma incorrecta
Time: 3210 ns  Iteration: 0  Process: /tb_and/p_stim  File: C:/Users/alexs/source/repos/practica1/practica1.srcs/sim_1/new/tb_and.vhd
Error: Error: suma incorrecta
Time: 3230 ns  Iteration: 0  Process: /tb_and/p_stim  File: C:/Users/alexs/source/repos/practica1/practica1.srcs/sim_1/new/tb_and.vhd
Error: Error: suma incorrecta
Time: 3250 ns  Iteration: 0  Process: /tb_and/p_stim  File: C:/Users/alexs/source/repos/practica1/practica1.srcs/sim_1/new/tb_and.vhd
Error: Error: suma incorrecta
Time: 3270 ns  Iteration: 0  Process: /tb_and/p_stim  File: C:/Users/alexs/source/repos/practica1/practica1.srcs/sim_1/new/tb_and.vhd
Error: Error: suma incorrecta
Time: 3290 ns  Iteration: 0  Process: /tb_and/p_stim  File: C:/Users/alexs/source/repos/practica1/practica1.srcs/sim_1/new/tb_and.vhd
Error: Error: suma incorrecta
Time: 3310 ns  Iteration: 0  Process: /tb_and/p_stim  File: C:/Users/alexs/source/repos/practica1/practica1.srcs/sim_1/new/tb_and.vhd
Error: Error: suma incorrecta
Time: 3330 ns  Iteration: 0  Process: /tb_and/p_stim  File: C:/Users/alexs/source/repos/practica1/practica1.srcs/sim_1/new/tb_and.vhd
Error: Error: suma incorrecta
Time: 3350 ns  Iteration: 0  Process: /tb_and/p_stim  File: C:/Users/alexs/source/repos/practica1/practica1.srcs/sim_1/new/tb_and.vhd
Error: Error: suma incorrecta
Time: 3370 ns  Iteration: 0  Process: /tb_and/p_stim  File: C:/Users/alexs/source/repos/practica1/practica1.srcs/sim_1/new/tb_and.vhd
Error: Error: suma incorrecta
Time: 3390 ns  Iteration: 0  Process: /tb_and/p_stim  File: C:/Users/alexs/source/repos/practica1/practica1.srcs/sim_1/new/tb_and.vhd
Error: Error: suma incorrecta
Time: 3410 ns  Iteration: 0  Process: /tb_and/p_stim  File: C:/Users/alexs/source/repos/practica1/practica1.srcs/sim_1/new/tb_and.vhd
Error: Error: suma incorrecta
Time: 3430 ns  Iteration: 0  Process: /tb_and/p_stim  File: C:/Users/alexs/source/repos/practica1/practica1.srcs/sim_1/new/tb_and.vhd
Error: Error: suma incorrecta
Time: 3450 ns  Iteration: 0  Process: /tb_and/p_stim  File: C:/Users/alexs/source/repos/practica1/practica1.srcs/sim_1/new/tb_and.vhd
Error: Error: suma incorrecta
Time: 3470 ns  Iteration: 0  Process: /tb_and/p_stim  File: C:/Users/alexs/source/repos/practica1/practica1.srcs/sim_1/new/tb_and.vhd
Error: Error: suma incorrecta
Time: 3490 ns  Iteration: 0  Process: /tb_and/p_stim  File: C:/Users/alexs/source/repos/practica1/practica1.srcs/sim_1/new/tb_and.vhd
Error: Error: suma incorrecta
Time: 3510 ns  Iteration: 0  Process: /tb_and/p_stim  File: C:/Users/alexs/source/repos/practica1/practica1.srcs/sim_1/new/tb_and.vhd
Error: Error: suma incorrecta
Time: 3530 ns  Iteration: 0  Process: /tb_and/p_stim  File: C:/Users/alexs/source/repos/practica1/practica1.srcs/sim_1/new/tb_and.vhd
Error: Error: suma incorrecta
Time: 3550 ns  Iteration: 0  Process: /tb_and/p_stim  File: C:/Users/alexs/source/repos/practica1/practica1.srcs/sim_1/new/tb_and.vhd
Error: Error: suma incorrecta
Time: 3570 ns  Iteration: 0  Process: /tb_and/p_stim  File: C:/Users/alexs/source/repos/practica1/practica1.srcs/sim_1/new/tb_and.vhd
Error: Error: suma incorrecta
Time: 3590 ns  Iteration: 0  Process: /tb_and/p_stim  File: C:/Users/alexs/source/repos/practica1/practica1.srcs/sim_1/new/tb_and.vhd
Error: Error: suma incorrecta
Time: 3610 ns  Iteration: 0  Process: /tb_and/p_stim  File: C:/Users/alexs/source/repos/practica1/practica1.srcs/sim_1/new/tb_and.vhd
Error: Error: suma incorrecta
Time: 3630 ns  Iteration: 0  Process: /tb_and/p_stim  File: C:/Users/alexs/source/repos/practica1/practica1.srcs/sim_1/new/tb_and.vhd
Error: Error: suma incorrecta
Time: 3650 ns  Iteration: 0  Process: /tb_and/p_stim  File: C:/Users/alexs/source/repos/practica1/practica1.srcs/sim_1/new/tb_and.vhd
Error: Error: suma incorrecta
Time: 3670 ns  Iteration: 0  Process: /tb_and/p_stim  File: C:/Users/alexs/source/repos/practica1/practica1.srcs/sim_1/new/tb_and.vhd
Error: Error: suma incorrecta
Time: 3690 ns  Iteration: 0  Process: /tb_and/p_stim  File: C:/Users/alexs/source/repos/practica1/practica1.srcs/sim_1/new/tb_and.vhd
Error: Error: suma incorrecta
Time: 3710 ns  Iteration: 0  Process: /tb_and/p_stim  File: C:/Users/alexs/source/repos/practica1/practica1.srcs/sim_1/new/tb_and.vhd
Error: Error: suma incorrecta
Time: 3730 ns  Iteration: 0  Process: /tb_and/p_stim  File: C:/Users/alexs/source/repos/practica1/practica1.srcs/sim_1/new/tb_and.vhd
Error: Error: suma incorrecta
Time: 3750 ns  Iteration: 0  Process: /tb_and/p_stim  File: C:/Users/alexs/source/repos/practica1/practica1.srcs/sim_1/new/tb_and.vhd
Error: Error: suma incorrecta
Time: 3770 ns  Iteration: 0  Process: /tb_and/p_stim  File: C:/Users/alexs/source/repos/practica1/practica1.srcs/sim_1/new/tb_and.vhd
Error: Error: suma incorrecta
Time: 3790 ns  Iteration: 0  Process: /tb_and/p_stim  File: C:/Users/alexs/source/repos/practica1/practica1.srcs/sim_1/new/tb_and.vhd
Error: Error: suma incorrecta
Time: 3810 ns  Iteration: 0  Process: /tb_and/p_stim  File: C:/Users/alexs/source/repos/practica1/practica1.srcs/sim_1/new/tb_and.vhd
Error: Error: suma incorrecta
Time: 3830 ns  Iteration: 0  Process: /tb_and/p_stim  File: C:/Users/alexs/source/repos/practica1/practica1.srcs/sim_1/new/tb_and.vhd
Error: Error: suma incorrecta
Time: 3850 ns  Iteration: 0  Process: /tb_and/p_stim  File: C:/Users/alexs/source/repos/practica1/practica1.srcs/sim_1/new/tb_and.vhd
Error: Error: suma incorrecta
Time: 3870 ns  Iteration: 0  Process: /tb_and/p_stim  File: C:/Users/alexs/source/repos/practica1/practica1.srcs/sim_1/new/tb_and.vhd
Error: Error: suma incorrecta
Time: 3890 ns  Iteration: 0  Process: /tb_and/p_stim  File: C:/Users/alexs/source/repos/practica1/practica1.srcs/sim_1/new/tb_and.vhd
Error: Error: suma incorrecta
Time: 3910 ns  Iteration: 0  Process: /tb_and/p_stim  File: C:/Users/alexs/source/repos/practica1/practica1.srcs/sim_1/new/tb_and.vhd
Error: Error: suma incorrecta
Time: 3930 ns  Iteration: 0  Process: /tb_and/p_stim  File: C:/Users/alexs/source/repos/practica1/practica1.srcs/sim_1/new/tb_and.vhd
Error: Error: suma incorrecta
Time: 3950 ns  Iteration: 0  Process: /tb_and/p_stim  File: C:/Users/alexs/source/repos/practica1/practica1.srcs/sim_1/new/tb_and.vhd
Error: Error: suma incorrecta
Time: 3970 ns  Iteration: 0  Process: /tb_and/p_stim  File: C:/Users/alexs/source/repos/practica1/practica1.srcs/sim_1/new/tb_and.vhd
Error: Error: suma incorrecta
Time: 3990 ns  Iteration: 0  Process: /tb_and/p_stim  File: C:/Users/alexs/source/repos/practica1/practica1.srcs/sim_1/new/tb_and.vhd
Error: Error: suma incorrecta
Time: 4010 ns  Iteration: 0  Process: /tb_and/p_stim  File: C:/Users/alexs/source/repos/practica1/practica1.srcs/sim_1/new/tb_and.vhd
Error: Error: suma incorrecta
Time: 4030 ns  Iteration: 0  Process: /tb_and/p_stim  File: C:/Users/alexs/source/repos/practica1/practica1.srcs/sim_1/new/tb_and.vhd
Error: Error: suma incorrecta
Time: 4050 ns  Iteration: 0  Process: /tb_and/p_stim  File: C:/Users/alexs/source/repos/practica1/practica1.srcs/sim_1/new/tb_and.vhd
Error: Error: suma incorrecta
Time: 4070 ns  Iteration: 0  Process: /tb_and/p_stim  File: C:/Users/alexs/source/repos/practica1/practica1.srcs/sim_1/new/tb_and.vhd
Error: Error: suma incorrecta
Time: 4090 ns  Iteration: 0  Process: /tb_and/p_stim  File: C:/Users/alexs/source/repos/practica1/practica1.srcs/sim_1/new/tb_and.vhd
Error: Error: suma incorrecta
Time: 4110 ns  Iteration: 0  Process: /tb_and/p_stim  File: C:/Users/alexs/source/repos/practica1/practica1.srcs/sim_1/new/tb_and.vhd
Error: Error: suma incorrecta
Time: 4130 ns  Iteration: 0  Process: /tb_and/p_stim  File: C:/Users/alexs/source/repos/practica1/practica1.srcs/sim_1/new/tb_and.vhd
Error: Error: suma incorrecta
Time: 4150 ns  Iteration: 0  Process: /tb_and/p_stim  File: C:/Users/alexs/source/repos/practica1/practica1.srcs/sim_1/new/tb_and.vhd
Error: Error: suma incorrecta
Time: 4170 ns  Iteration: 0  Process: /tb_and/p_stim  File: C:/Users/alexs/source/repos/practica1/practica1.srcs/sim_1/new/tb_and.vhd
Error: Error: suma incorrecta
Time: 4190 ns  Iteration: 0  Process: /tb_and/p_stim  File: C:/Users/alexs/source/repos/practica1/practica1.srcs/sim_1/new/tb_and.vhd
Error: Error: suma incorrecta
Time: 4210 ns  Iteration: 0  Process: /tb_and/p_stim  File: C:/Users/alexs/source/repos/practica1/practica1.srcs/sim_1/new/tb_and.vhd
Error: Error: suma incorrecta
Time: 4230 ns  Iteration: 0  Process: /tb_and/p_stim  File: C:/Users/alexs/source/repos/practica1/practica1.srcs/sim_1/new/tb_and.vhd
Error: Error: suma incorrecta
Time: 4250 ns  Iteration: 0  Process: /tb_and/p_stim  File: C:/Users/alexs/source/repos/practica1/practica1.srcs/sim_1/new/tb_and.vhd
Error: Error: suma incorrecta
Time: 4270 ns  Iteration: 0  Process: /tb_and/p_stim  File: C:/Users/alexs/source/repos/practica1/practica1.srcs/sim_1/new/tb_and.vhd
Error: Error: suma incorrecta
Time: 4290 ns  Iteration: 0  Process: /tb_and/p_stim  File: C:/Users/alexs/source/repos/practica1/practica1.srcs/sim_1/new/tb_and.vhd
Error: Error: suma incorrecta
Time: 4310 ns  Iteration: 0  Process: /tb_and/p_stim  File: C:/Users/alexs/source/repos/practica1/practica1.srcs/sim_1/new/tb_and.vhd
Error: Error: suma incorrecta
Time: 4330 ns  Iteration: 0  Process: /tb_and/p_stim  File: C:/Users/alexs/source/repos/practica1/practica1.srcs/sim_1/new/tb_and.vhd
Error: Error: suma incorrecta
Time: 4350 ns  Iteration: 0  Process: /tb_and/p_stim  File: C:/Users/alexs/source/repos/practica1/practica1.srcs/sim_1/new/tb_and.vhd
Error: Error: suma incorrecta
Time: 4370 ns  Iteration: 0  Process: /tb_and/p_stim  File: C:/Users/alexs/source/repos/practica1/practica1.srcs/sim_1/new/tb_and.vhd
Error: Error: suma incorrecta
Time: 4390 ns  Iteration: 0  Process: /tb_and/p_stim  File: C:/Users/alexs/source/repos/practica1/practica1.srcs/sim_1/new/tb_and.vhd
Error: Error: suma incorrecta
Time: 4410 ns  Iteration: 0  Process: /tb_and/p_stim  File: C:/Users/alexs/source/repos/practica1/practica1.srcs/sim_1/new/tb_and.vhd
Error: Error: suma incorrecta
Time: 4430 ns  Iteration: 0  Process: /tb_and/p_stim  File: C:/Users/alexs/source/repos/practica1/practica1.srcs/sim_1/new/tb_and.vhd
Error: Error: suma incorrecta
Time: 4450 ns  Iteration: 0  Process: /tb_and/p_stim  File: C:/Users/alexs/source/repos/practica1/practica1.srcs/sim_1/new/tb_and.vhd
Error: Error: suma incorrecta
Time: 4470 ns  Iteration: 0  Process: /tb_and/p_stim  File: C:/Users/alexs/source/repos/practica1/practica1.srcs/sim_1/new/tb_and.vhd
Error: Error: suma incorrecta
Time: 4490 ns  Iteration: 0  Process: /tb_and/p_stim  File: C:/Users/alexs/source/repos/practica1/practica1.srcs/sim_1/new/tb_and.vhd
Error: Error: suma incorrecta
Time: 4510 ns  Iteration: 0  Process: /tb_and/p_stim  File: C:/Users/alexs/source/repos/practica1/practica1.srcs/sim_1/new/tb_and.vhd
Error: Error: suma incorrecta
Time: 4530 ns  Iteration: 0  Process: /tb_and/p_stim  File: C:/Users/alexs/source/repos/practica1/practica1.srcs/sim_1/new/tb_and.vhd
Error: Error: suma incorrecta
Time: 4550 ns  Iteration: 0  Process: /tb_and/p_stim  File: C:/Users/alexs/source/repos/practica1/practica1.srcs/sim_1/new/tb_and.vhd
Error: Error: suma incorrecta
Time: 4570 ns  Iteration: 0  Process: /tb_and/p_stim  File: C:/Users/alexs/source/repos/practica1/practica1.srcs/sim_1/new/tb_and.vhd
Error: Error: suma incorrecta
Time: 4590 ns  Iteration: 0  Process: /tb_and/p_stim  File: C:/Users/alexs/source/repos/practica1/practica1.srcs/sim_1/new/tb_and.vhd
Error: Error: suma incorrecta
Time: 4610 ns  Iteration: 0  Process: /tb_and/p_stim  File: C:/Users/alexs/source/repos/practica1/practica1.srcs/sim_1/new/tb_and.vhd
Error: Error: suma incorrecta
Time: 4630 ns  Iteration: 0  Process: /tb_and/p_stim  File: C:/Users/alexs/source/repos/practica1/practica1.srcs/sim_1/new/tb_and.vhd
Error: Error: suma incorrecta
Time: 4650 ns  Iteration: 0  Process: /tb_and/p_stim  File: C:/Users/alexs/source/repos/practica1/practica1.srcs/sim_1/new/tb_and.vhd
Error: Error: suma incorrecta
Time: 4670 ns  Iteration: 0  Process: /tb_and/p_stim  File: C:/Users/alexs/source/repos/practica1/practica1.srcs/sim_1/new/tb_and.vhd
Error: Error: suma incorrecta
Time: 4690 ns  Iteration: 0  Process: /tb_and/p_stim  File: C:/Users/alexs/source/repos/practica1/practica1.srcs/sim_1/new/tb_and.vhd
Error: Error: suma incorrecta
Time: 4710 ns  Iteration: 0  Process: /tb_and/p_stim  File: C:/Users/alexs/source/repos/practica1/practica1.srcs/sim_1/new/tb_and.vhd
Error: Error: suma incorrecta
Time: 4730 ns  Iteration: 0  Process: /tb_and/p_stim  File: C:/Users/alexs/source/repos/practica1/practica1.srcs/sim_1/new/tb_and.vhd
Error: Error: suma incorrecta
Time: 4750 ns  Iteration: 0  Process: /tb_and/p_stim  File: C:/Users/alexs/source/repos/practica1/practica1.srcs/sim_1/new/tb_and.vhd
Error: Error: suma incorrecta
Time: 4770 ns  Iteration: 0  Process: /tb_and/p_stim  File: C:/Users/alexs/source/repos/practica1/practica1.srcs/sim_1/new/tb_and.vhd
Error: Error: suma incorrecta
Time: 4790 ns  Iteration: 0  Process: /tb_and/p_stim  File: C:/Users/alexs/source/repos/practica1/practica1.srcs/sim_1/new/tb_and.vhd
Error: Error: suma incorrecta
Time: 4810 ns  Iteration: 0  Process: /tb_and/p_stim  File: C:/Users/alexs/source/repos/practica1/practica1.srcs/sim_1/new/tb_and.vhd
Error: Error: suma incorrecta
Time: 4830 ns  Iteration: 0  Process: /tb_and/p_stim  File: C:/Users/alexs/source/repos/practica1/practica1.srcs/sim_1/new/tb_and.vhd
Error: Error: suma incorrecta
Time: 4850 ns  Iteration: 0  Process: /tb_and/p_stim  File: C:/Users/alexs/source/repos/practica1/practica1.srcs/sim_1/new/tb_and.vhd
Error: Error: suma incorrecta
Time: 4870 ns  Iteration: 0  Process: /tb_and/p_stim  File: C:/Users/alexs/source/repos/practica1/practica1.srcs/sim_1/new/tb_and.vhd
Error: Error: suma incorrecta
Time: 4890 ns  Iteration: 0  Process: /tb_and/p_stim  File: C:/Users/alexs/source/repos/practica1/practica1.srcs/sim_1/new/tb_and.vhd
Error: Error: suma incorrecta
Time: 4910 ns  Iteration: 0  Process: /tb_and/p_stim  File: C:/Users/alexs/source/repos/practica1/practica1.srcs/sim_1/new/tb_and.vhd
Error: Error: suma incorrecta
Time: 4930 ns  Iteration: 0  Process: /tb_and/p_stim  File: C:/Users/alexs/source/repos/practica1/practica1.srcs/sim_1/new/tb_and.vhd
Error: Error: suma incorrecta
Time: 4950 ns  Iteration: 0  Process: /tb_and/p_stim  File: C:/Users/alexs/source/repos/practica1/practica1.srcs/sim_1/new/tb_and.vhd
Error: Error: suma incorrecta
Time: 4970 ns  Iteration: 0  Process: /tb_and/p_stim  File: C:/Users/alexs/source/repos/practica1/practica1.srcs/sim_1/new/tb_and.vhd
Error: Error: suma incorrecta
Time: 4990 ns  Iteration: 0  Process: /tb_and/p_stim  File: C:/Users/alexs/source/repos/practica1/practica1.srcs/sim_1/new/tb_and.vhd
Error: Error: suma incorrecta
Time: 5010 ns  Iteration: 0  Process: /tb_and/p_stim  File: C:/Users/alexs/source/repos/practica1/practica1.srcs/sim_1/new/tb_and.vhd
Error: Error: suma incorrecta
Time: 5030 ns  Iteration: 0  Process: /tb_and/p_stim  File: C:/Users/alexs/source/repos/practica1/practica1.srcs/sim_1/new/tb_and.vhd
Error: Error: suma incorrecta
Time: 5050 ns  Iteration: 0  Process: /tb_and/p_stim  File: C:/Users/alexs/source/repos/practica1/practica1.srcs/sim_1/new/tb_and.vhd
Error: Error: suma incorrecta
Time: 5070 ns  Iteration: 0  Process: /tb_and/p_stim  File: C:/Users/alexs/source/repos/practica1/practica1.srcs/sim_1/new/tb_and.vhd
Error: Error: suma incorrecta
Time: 5090 ns  Iteration: 0  Process: /tb_and/p_stim  File: C:/Users/alexs/source/repos/practica1/practica1.srcs/sim_1/new/tb_and.vhd
Error: Error: suma incorrecta
Time: 5110 ns  Iteration: 0  Process: /tb_and/p_stim  File: C:/Users/alexs/source/repos/practica1/practica1.srcs/sim_1/new/tb_and.vhd
